2019-04-02 11:11:47.931  INFO 50532 --- [main] com.carl.auth.SsoConfigApplication       : The following profiles are active: native
2019-04-02 11:11:48.582  INFO 50532 --- [main] o.s.cloud.context.scope.GenericScope     : BeanFactory id=1e92e84f-ed5c-3111-a3d5-a10830db85fa
2019-04-02 11:11:48.603  INFO 50532 --- [main] trationDelegate$BeanPostProcessorChecker : Bean 'org.springframework.cloud.autoconfigure.ConfigurationPropertiesRebinderAutoConfiguration' of type [org.springframework.cloud.autoconfigure.ConfigurationPropertiesRebinderAutoConfiguration$$EnhancerBySpringCGLIB$$5535460f] is not eligible for getting processed by all BeanPostProcessors (for example: not eligible for auto-proxying)
2019-04-02 11:11:48.976  INFO 50532 --- [main] o.s.b.w.embedded.tomcat.TomcatWebServer  : Tomcat initialized with port(s): 8888 (http)
2019-04-02 11:11:48.998  INFO 50532 --- [main] o.apache.catalina.core.StandardService   : Starting service [Tomcat]
2019-04-02 11:11:48.999  INFO 50532 --- [main] org.apache.catalina.core.StandardEngine  : Starting Servlet engine: [Apache Tomcat/9.0.16]
2019-04-02 11:11:49.004  INFO 50532 --- [main] o.a.catalina.core.AprLifecycleListener   : The APR based Apache Tomcat Native library which allows optimal performance in production environments was not found on the java.library.path: [D:\gongju\workconfig\jdk\Java\jdk1.8.0_171\bin;C:\WINDOWS\Sun\Java\bin;C:\WINDOWS\system32;C:\WINDOWS;C:\Program Files (x86)\Intel\Intel(R) Management Engine Components\iCLS\;C:\Program Files\Intel\Intel(R) Management Engine Components\iCLS\;C:\Program Files (x86)\Common Files\Oracle\Java\javapath;C:\WINDOWS\system32;C:\WINDOWS;C:\WINDOWS\System32\Wbem;C:\WINDOWS\System32\WindowsPowerShell\v1.0\;D:\gongju\workconfig\apache-maven-3.5.3\bin;D:\gongju\mysql\mysql-5.6.40-winx64\bin;D:\gongju\workconfig\jdk\Java\jdk1.8.0_171\bin;C:\WINDOWS\System32\OpenSSH\;C:\Program Files\nodejs\;C:\Program Files (x86)\Intel\Intel(R) Management Engine Components\DAL;C:\Program Files\Intel\Intel(R) Management Engine Components\DAL;C:\Program Files\Intel\WiFi\bin\;C:\Program Files\Common Files\Intel\WirelessCommon\;D:\gongju\ant\apache-ant-1.10.5\bin\;D:\gongju\workconfig\grovvy\groovy-2.5.5\bin;D:\gongju\gradle\gradle-4.3.1\bin;C:\Users\86156\AppData\Local\Microsoft\WindowsApps;C:\Users\86156\AppData\Roaming\npm;.]
2019-04-02 11:11:49.103  INFO 50532 --- [main] o.a.c.c.C.[.[localhost].[/config]        : Initializing Spring embedded WebApplicationContext
2019-04-02 11:11:49.103  INFO 50532 --- [main] o.s.web.context.ContextLoader            : Root WebApplicationContext: initialization completed in 1163 ms
2019-04-02 11:11:49.518  INFO 50532 --- [main] o.s.s.concurrent.ThreadPoolTaskExecutor  : Initializing ExecutorService 'applicationTaskExecutor'
2019-04-02 11:11:50.019  INFO 50532 --- [main] o.s.b.a.e.web.EndpointLinksResolver      : Exposing 2 endpoint(s) beneath base path '/actuator'
2019-04-02 11:11:50.103  INFO 50532 --- [main] o.s.b.w.embedded.tomcat.TomcatWebServer  : Tomcat started on port(s): 8888 (http) with context path '/config'
2019-04-02 11:11:50.105  INFO 50532 --- [main] com.carl.auth.SsoConfigApplication       : Started SsoConfigApplication in 3.492 seconds (JVM running for 4.816)
2019-04-02 11:12:30.910  INFO 50532 --- [http-nio-8888-exec-3] o.a.c.c.C.[.[localhost].[/config]        : Initializing Spring DispatcherServlet 'dispatcherServlet'
2019-04-02 11:12:30.910  INFO 50532 --- [http-nio-8888-exec-3] o.s.web.servlet.DispatcherServlet        : Initializing Servlet 'dispatcherServlet'
2019-04-02 11:12:30.919  INFO 50532 --- [http-nio-8888-exec-3] o.s.web.servlet.DispatcherServlet        : Completed initialization in 9 ms
2019-04-02 11:15:09.684  INFO 18920 --- [main] com.carl.auth.SsoConfigApplication       : The following profiles are active: native
2019-04-02 11:15:10.407  INFO 18920 --- [main] o.s.cloud.context.scope.GenericScope     : BeanFactory id=1e92e84f-ed5c-3111-a3d5-a10830db85fa
2019-04-02 11:15:10.429  INFO 18920 --- [main] trationDelegate$BeanPostProcessorChecker : Bean 'org.springframework.cloud.autoconfigure.ConfigurationPropertiesRebinderAutoConfiguration' of type [org.springframework.cloud.autoconfigure.ConfigurationPropertiesRebinderAutoConfiguration$$EnhancerBySpringCGLIB$$d63d69e5] is not eligible for getting processed by all BeanPostProcessors (for example: not eligible for auto-proxying)
2019-04-02 11:15:10.831  INFO 18920 --- [main] o.s.b.w.embedded.tomcat.TomcatWebServer  : Tomcat initialized with port(s): 8888 (http)
2019-04-02 11:15:10.853  INFO 18920 --- [main] o.apache.catalina.core.StandardService   : Starting service [Tomcat]
2019-04-02 11:15:10.854  INFO 18920 --- [main] org.apache.catalina.core.StandardEngine  : Starting Servlet engine: [Apache Tomcat/9.0.16]
2019-04-02 11:15:10.860  INFO 18920 --- [main] o.a.catalina.core.AprLifecycleListener   : The APR based Apache Tomcat Native library which allows optimal performance in production environments was not found on the java.library.path: [D:\gongju\workconfig\jdk\Java\jdk1.8.0_171\bin;C:\WINDOWS\Sun\Java\bin;C:\WINDOWS\system32;C:\WINDOWS;C:\Program Files (x86)\Intel\Intel(R) Management Engine Components\iCLS\;C:\Program Files\Intel\Intel(R) Management Engine Components\iCLS\;C:\Program Files (x86)\Common Files\Oracle\Java\javapath;C:\WINDOWS\system32;C:\WINDOWS;C:\WINDOWS\System32\Wbem;C:\WINDOWS\System32\WindowsPowerShell\v1.0\;D:\gongju\workconfig\apache-maven-3.5.3\bin;D:\gongju\mysql\mysql-5.6.40-winx64\bin;D:\gongju\workconfig\jdk\Java\jdk1.8.0_171\bin;C:\WINDOWS\System32\OpenSSH\;C:\Program Files\nodejs\;C:\Program Files (x86)\Intel\Intel(R) Management Engine Components\DAL;C:\Program Files\Intel\Intel(R) Management Engine Components\DAL;C:\Program Files\Intel\WiFi\bin\;C:\Program Files\Common Files\Intel\WirelessCommon\;D:\gongju\ant\apache-ant-1.10.5\bin\;D:\gongju\workconfig\grovvy\groovy-2.5.5\bin;D:\gongju\gradle\gradle-4.3.1\bin;C:\Users\86156\AppData\Local\Microsoft\WindowsApps;C:\Users\86156\AppData\Roaming\npm;.]
2019-04-02 11:15:11.004  INFO 18920 --- [main] o.a.c.c.C.[.[localhost].[/config]        : Initializing Spring embedded WebApplicationContext
2019-04-02 11:15:11.004  INFO 18920 --- [main] o.s.web.context.ContextLoader            : Root WebApplicationContext: initialization completed in 1310 ms
2019-04-02 11:15:11.468  INFO 18920 --- [main] o.s.s.concurrent.ThreadPoolTaskExecutor  : Initializing ExecutorService 'applicationTaskExecutor'
2019-04-02 11:15:12.000  INFO 18920 --- [main] o.s.b.a.e.web.EndpointLinksResolver      : Exposing 2 endpoint(s) beneath base path '/actuator'
2019-04-02 11:15:12.104  INFO 18920 --- [main] o.s.b.w.embedded.tomcat.TomcatWebServer  : Tomcat started on port(s): 8888 (http) with context path '/config'
2019-04-02 11:15:12.107  INFO 18920 --- [main] com.carl.auth.SsoConfigApplication       : Started SsoConfigApplication in 4.375 seconds (JVM running for 5.796)
2019-04-02 11:15:33.591  INFO 18920 --- [http-nio-8888-exec-1] o.a.c.c.C.[.[localhost].[/config]        : Initializing Spring DispatcherServlet 'dispatcherServlet'
2019-04-02 11:15:33.592  INFO 18920 --- [http-nio-8888-exec-1] o.s.web.servlet.DispatcherServlet        : Initializing Servlet 'dispatcherServlet'
2019-04-02 11:15:33.604  INFO 18920 --- [http-nio-8888-exec-1] o.s.web.servlet.DispatcherServlet        : Completed initialization in 12 ms
2019-04-02 11:17:27.201  INFO 47344 --- [main] com.carl.auth.SsoConfigApplication       : The following profiles are active: native
2019-04-02 11:17:27.876  INFO 47344 --- [main] o.s.cloud.context.scope.GenericScope     : BeanFactory id=1e92e84f-ed5c-3111-a3d5-a10830db85fa
2019-04-02 11:17:27.898  INFO 47344 --- [main] trationDelegate$BeanPostProcessorChecker : Bean 'org.springframework.cloud.autoconfigure.ConfigurationPropertiesRebinderAutoConfiguration' of type [org.springframework.cloud.autoconfigure.ConfigurationPropertiesRebinderAutoConfiguration$$EnhancerBySpringCGLIB$$c277ffe0] is not eligible for getting processed by all BeanPostProcessors (for example: not eligible for auto-proxying)
2019-04-02 11:17:28.255  INFO 47344 --- [main] o.s.b.w.embedded.tomcat.TomcatWebServer  : Tomcat initialized with port(s): 8888 (http)
2019-04-02 11:17:28.280  INFO 47344 --- [main] o.apache.catalina.core.StandardService   : Starting service [Tomcat]
2019-04-02 11:17:28.281  INFO 47344 --- [main] org.apache.catalina.core.StandardEngine  : Starting Servlet engine: [Apache Tomcat/9.0.16]
2019-04-02 11:17:28.287  INFO 47344 --- [main] o.a.catalina.core.AprLifecycleListener   : The APR based Apache Tomcat Native library which allows optimal performance in production environments was not found on the java.library.path: [D:\gongju\workconfig\jdk\Java\jdk1.8.0_171\bin;C:\WINDOWS\Sun\Java\bin;C:\WINDOWS\system32;C:\WINDOWS;C:\Program Files (x86)\Intel\Intel(R) Management Engine Components\iCLS\;C:\Program Files\Intel\Intel(R) Management Engine Components\iCLS\;C:\Program Files (x86)\Common Files\Oracle\Java\javapath;C:\WINDOWS\system32;C:\WINDOWS;C:\WINDOWS\System32\Wbem;C:\WINDOWS\System32\WindowsPowerShell\v1.0\;D:\gongju\workconfig\apache-maven-3.5.3\bin;D:\gongju\mysql\mysql-5.6.40-winx64\bin;D:\gongju\workconfig\jdk\Java\jdk1.8.0_171\bin;C:\WINDOWS\System32\OpenSSH\;C:\Program Files\nodejs\;C:\Program Files (x86)\Intel\Intel(R) Management Engine Components\DAL;C:\Program Files\Intel\Intel(R) Management Engine Components\DAL;C:\Program Files\Intel\WiFi\bin\;C:\Program Files\Common Files\Intel\WirelessCommon\;D:\gongju\ant\apache-ant-1.10.5\bin\;D:\gongju\workconfig\grovvy\groovy-2.5.5\bin;D:\gongju\gradle\gradle-4.3.1\bin;C:\Users\86156\AppData\Local\Microsoft\WindowsApps;C:\Users\86156\AppData\Roaming\npm;.]
2019-04-02 11:17:28.413  INFO 47344 --- [main] o.a.c.c.C.[Tomcat].[localhost].[/]       : Initializing Spring embedded WebApplicationContext
2019-04-02 11:17:28.413  INFO 47344 --- [main] o.s.web.context.ContextLoader            : Root WebApplicationContext: initialization completed in 1199 ms
2019-04-02 11:17:28.862  INFO 47344 --- [main] o.s.s.concurrent.ThreadPoolTaskExecutor  : Initializing ExecutorService 'applicationTaskExecutor'
2019-04-02 11:17:29.427  INFO 47344 --- [main] o.s.b.a.e.web.EndpointLinksResolver      : Exposing 2 endpoint(s) beneath base path '/actuator'
2019-04-02 11:17:29.537  INFO 47344 --- [main] o.s.b.w.embedded.tomcat.TomcatWebServer  : Tomcat started on port(s): 8888 (http) with context path ''
2019-04-02 11:17:29.539  INFO 47344 --- [main] com.carl.auth.SsoConfigApplication       : Started SsoConfigApplication in 4.204 seconds (JVM running for 4.836)
2019-04-02 11:17:36.813  INFO 47344 --- [http-nio-8888-exec-2] o.a.c.c.C.[Tomcat].[localhost].[/]       : Initializing Spring DispatcherServlet 'dispatcherServlet'
2019-04-02 11:17:36.814  INFO 47344 --- [http-nio-8888-exec-2] o.s.web.servlet.DispatcherServlet        : Initializing Servlet 'dispatcherServlet'
2019-04-02 11:17:36.821  INFO 47344 --- [http-nio-8888-exec-2] o.s.web.servlet.DispatcherServlet        : Completed initialization in 7 ms
2019-04-02 11:19:10.998  INFO 48292 --- [main] com.carl.auth.SsoConfigApplication       : The following profiles are active: native
2019-04-02 11:19:11.635  INFO 48292 --- [main] o.s.cloud.context.scope.GenericScope     : BeanFactory id=0b82bff9-6102-30b5-9633-49f30df8ece8
2019-04-02 11:19:11.654  INFO 48292 --- [main] trationDelegate$BeanPostProcessorChecker : Bean 'org.springframework.cloud.autoconfigure.ConfigurationPropertiesRebinderAutoConfiguration' of type [org.springframework.cloud.autoconfigure.ConfigurationPropertiesRebinderAutoConfiguration$$EnhancerBySpringCGLIB$$1f7e5a99] is not eligible for getting processed by all BeanPostProcessors (for example: not eligible for auto-proxying)
2019-04-02 11:19:11.989  INFO 48292 --- [main] o.s.b.w.embedded.tomcat.TomcatWebServer  : Tomcat initialized with port(s): 8888 (http)
2019-04-02 11:19:12.006  INFO 48292 --- [main] o.apache.catalina.core.StandardService   : Starting service [Tomcat]
2019-04-02 11:19:12.006  INFO 48292 --- [main] org.apache.catalina.core.StandardEngine  : Starting Servlet engine: [Apache Tomcat/9.0.16]
2019-04-02 11:19:12.010  INFO 48292 --- [main] o.a.catalina.core.AprLifecycleListener   : The APR based Apache Tomcat Native library which allows optimal performance in production environments was not found on the java.library.path: [D:\gongju\workconfig\jdk\Java\jdk1.8.0_171\bin;C:\WINDOWS\Sun\Java\bin;C:\WINDOWS\system32;C:\WINDOWS;C:\Program Files (x86)\Intel\Intel(R) Management Engine Components\iCLS\;C:\Program Files\Intel\Intel(R) Management Engine Components\iCLS\;C:\Program Files (x86)\Common Files\Oracle\Java\javapath;C:\WINDOWS\system32;C:\WINDOWS;C:\WINDOWS\System32\Wbem;C:\WINDOWS\System32\WindowsPowerShell\v1.0\;D:\gongju\workconfig\apache-maven-3.5.3\bin;D:\gongju\mysql\mysql-5.6.40-winx64\bin;D:\gongju\workconfig\jdk\Java\jdk1.8.0_171\bin;C:\WINDOWS\System32\OpenSSH\;C:\Program Files\nodejs\;C:\Program Files (x86)\Intel\Intel(R) Management Engine Components\DAL;C:\Program Files\Intel\Intel(R) Management Engine Components\DAL;C:\Program Files\Intel\WiFi\bin\;C:\Program Files\Common Files\Intel\WirelessCommon\;D:\gongju\ant\apache-ant-1.10.5\bin\;D:\gongju\workconfig\grovvy\groovy-2.5.5\bin;D:\gongju\gradle\gradle-4.3.1\bin;C:\Users\86156\AppData\Local\Microsoft\WindowsApps;C:\Users\86156\AppData\Roaming\npm;.]
2019-04-02 11:19:12.090  INFO 48292 --- [main] o.a.c.c.C.[.[localhost].[/config]        : Initializing Spring embedded WebApplicationContext
2019-04-02 11:19:12.090  INFO 48292 --- [main] o.s.web.context.ContextLoader            : Root WebApplicationContext: initialization completed in 1079 ms
2019-04-02 11:19:12.524  INFO 48292 --- [main] o.s.s.concurrent.ThreadPoolTaskExecutor  : Initializing ExecutorService 'applicationTaskExecutor'
2019-04-02 11:19:13.164  INFO 48292 --- [main] o.s.b.a.e.web.EndpointLinksResolver      : Exposing 2 endpoint(s) beneath base path '/actuator'
2019-04-02 11:19:13.248  INFO 48292 --- [main] o.s.b.w.embedded.tomcat.TomcatWebServer  : Tomcat started on port(s): 8888 (http) with context path '/config'
2019-04-02 11:19:13.250  INFO 48292 --- [main] com.carl.auth.SsoConfigApplication       : Started SsoConfigApplication in 3.984 seconds (JVM running for 4.538)
2019-04-02 11:19:17.532  INFO 48292 --- [http-nio-8888-exec-1] o.a.c.c.C.[.[localhost].[/config]        : Initializing Spring DispatcherServlet 'dispatcherServlet'
2019-04-02 11:19:17.533  INFO 48292 --- [http-nio-8888-exec-1] o.s.web.servlet.DispatcherServlet        : Initializing Servlet 'dispatcherServlet'
2019-04-02 11:19:17.537  INFO 48292 --- [http-nio-8888-exec-1] o.s.web.servlet.DispatcherServlet        : Completed initialization in 4 ms
2019-04-02 11:19:17.816  INFO 48292 --- [http-nio-8888-exec-1] o.s.c.c.s.e.NativeEnvironmentRepository  : Adding property source: classpath:/config/sso-dev.properties
2019-04-02 11:20:47.389  INFO 57992 --- [main] com.carl.auth.SsoConfigApplication       : The following profiles are active: native
2019-04-02 11:20:48.186  INFO 57992 --- [main] o.s.cloud.context.scope.GenericScope     : BeanFactory id=0b82bff9-6102-30b5-9633-49f30df8ece8
2019-04-02 11:20:48.211  INFO 57992 --- [main] trationDelegate$BeanPostProcessorChecker : Bean 'org.springframework.cloud.autoconfigure.ConfigurationPropertiesRebinderAutoConfiguration' of type [org.springframework.cloud.autoconfigure.ConfigurationPropertiesRebinderAutoConfiguration$$EnhancerBySpringCGLIB$$6c9edc47] is not eligible for getting processed by all BeanPostProcessors (for example: not eligible for auto-proxying)
2019-04-02 11:20:48.622  INFO 57992 --- [main] o.s.b.w.embedded.tomcat.TomcatWebServer  : Tomcat initialized with port(s): 8888 (http)
2019-04-02 11:20:48.653  INFO 57992 --- [main] o.apache.catalina.core.StandardService   : Starting service [Tomcat]
2019-04-02 11:20:48.654  INFO 57992 --- [main] org.apache.catalina.core.StandardEngine  : Starting Servlet engine: [Apache Tomcat/9.0.16]
2019-04-02 11:20:48.662  INFO 57992 --- [main] o.a.catalina.core.AprLifecycleListener   : The APR based Apache Tomcat Native library which allows optimal performance in production environments was not found on the java.library.path: [D:\gongju\workconfig\jdk\Java\jdk1.8.0_171\bin;C:\WINDOWS\Sun\Java\bin;C:\WINDOWS\system32;C:\WINDOWS;C:\Program Files (x86)\Intel\Intel(R) Management Engine Components\iCLS\;C:\Program Files\Intel\Intel(R) Management Engine Components\iCLS\;C:\Program Files (x86)\Common Files\Oracle\Java\javapath;C:\WINDOWS\system32;C:\WINDOWS;C:\WINDOWS\System32\Wbem;C:\WINDOWS\System32\WindowsPowerShell\v1.0\;D:\gongju\workconfig\apache-maven-3.5.3\bin;D:\gongju\mysql\mysql-5.6.40-winx64\bin;D:\gongju\workconfig\jdk\Java\jdk1.8.0_171\bin;C:\WINDOWS\System32\OpenSSH\;C:\Program Files\nodejs\;C:\Program Files (x86)\Intel\Intel(R) Management Engine Components\DAL;C:\Program Files\Intel\Intel(R) Management Engine Components\DAL;C:\Program Files\Intel\WiFi\bin\;C:\Program Files\Common Files\Intel\WirelessCommon\;D:\gongju\ant\apache-ant-1.10.5\bin\;D:\gongju\workconfig\grovvy\groovy-2.5.5\bin;D:\gongju\gradle\gradle-4.3.1\bin;C:\Users\86156\AppData\Local\Microsoft\WindowsApps;C:\Users\86156\AppData\Roaming\npm;.]
2019-04-02 11:20:48.779  INFO 57992 --- [main] o.a.c.c.C.[.[localhost].[/config]        : Initializing Spring embedded WebApplicationContext
2019-04-02 11:20:48.780  INFO 57992 --- [main] o.s.web.context.ContextLoader            : Root WebApplicationContext: initialization completed in 1372 ms
2019-04-02 11:20:49.287  INFO 57992 --- [main] o.s.s.concurrent.ThreadPoolTaskExecutor  : Initializing ExecutorService 'applicationTaskExecutor'
2019-04-02 11:20:50.193  INFO 57992 --- [main] o.s.b.a.e.web.EndpointLinksResolver      : Exposing 2 endpoint(s) beneath base path '/actuator'
2019-04-02 11:20:50.299  INFO 57992 --- [main] o.s.b.w.embedded.tomcat.TomcatWebServer  : Tomcat started on port(s): 8888 (http) with context path '/config'
2019-04-02 11:20:50.301  INFO 57992 --- [main] com.carl.auth.SsoConfigApplication       : Started SsoConfigApplication in 5.111 seconds (JVM running for 5.705)
2019-04-02 11:20:57.838  INFO 57992 --- [http-nio-8888-exec-1] o.a.c.c.C.[.[localhost].[/config]        : Initializing Spring DispatcherServlet 'dispatcherServlet'
2019-04-02 11:20:57.839  INFO 57992 --- [http-nio-8888-exec-1] o.s.web.servlet.DispatcherServlet        : Initializing Servlet 'dispatcherServlet'
2019-04-02 11:20:57.850  INFO 57992 --- [http-nio-8888-exec-1] o.s.web.servlet.DispatcherServlet        : Completed initialization in 11 ms
2019-04-02 11:20:58.166  INFO 57992 --- [http-nio-8888-exec-1] o.s.c.c.s.e.NativeEnvironmentRepository  : Adding property source: classpath:/config/sso-server.properties
2019-04-02 11:23:28.252  INFO 26232 --- [main] com.carl.auth.SsoConfigApplication       : The following profiles are active: native
2019-04-02 11:23:28.968  INFO 26232 --- [main] o.s.cloud.context.scope.GenericScope     : BeanFactory id=0b82bff9-6102-30b5-9633-49f30df8ece8
2019-04-02 11:23:28.991  INFO 26232 --- [main] trationDelegate$BeanPostProcessorChecker : Bean 'org.springframework.cloud.autoconfigure.ConfigurationPropertiesRebinderAutoConfiguration' of type [org.springframework.cloud.autoconfigure.ConfigurationPropertiesRebinderAutoConfiguration$$EnhancerBySpringCGLIB$$392d05f5] is not eligible for getting processed by all BeanPostProcessors (for example: not eligible for auto-proxying)
2019-04-02 11:23:29.358  INFO 26232 --- [main] o.s.b.w.embedded.tomcat.TomcatWebServer  : Tomcat initialized with port(s): 8888 (http)
2019-04-02 11:23:29.383  INFO 26232 --- [main] o.apache.catalina.core.StandardService   : Starting service [Tomcat]
2019-04-02 11:23:29.383  INFO 26232 --- [main] org.apache.catalina.core.StandardEngine  : Starting Servlet engine: [Apache Tomcat/9.0.16]
2019-04-02 11:23:29.390  INFO 26232 --- [main] o.a.catalina.core.AprLifecycleListener   : The APR based Apache Tomcat Native library which allows optimal performance in production environments was not found on the java.library.path: [D:\gongju\workconfig\jdk\Java\jdk1.8.0_171\bin;C:\WINDOWS\Sun\Java\bin;C:\WINDOWS\system32;C:\WINDOWS;C:\Program Files (x86)\Intel\Intel(R) Management Engine Components\iCLS\;C:\Program Files\Intel\Intel(R) Management Engine Components\iCLS\;C:\Program Files (x86)\Common Files\Oracle\Java\javapath;C:\WINDOWS\system32;C:\WINDOWS;C:\WINDOWS\System32\Wbem;C:\WINDOWS\System32\WindowsPowerShell\v1.0\;D:\gongju\workconfig\apache-maven-3.5.3\bin;D:\gongju\mysql\mysql-5.6.40-winx64\bin;D:\gongju\workconfig\jdk\Java\jdk1.8.0_171\bin;C:\WINDOWS\System32\OpenSSH\;C:\Program Files\nodejs\;C:\Program Files (x86)\Intel\Intel(R) Management Engine Components\DAL;C:\Program Files\Intel\Intel(R) Management Engine Components\DAL;C:\Program Files\Intel\WiFi\bin\;C:\Program Files\Common Files\Intel\WirelessCommon\;D:\gongju\ant\apache-ant-1.10.5\bin\;D:\gongju\workconfig\grovvy\groovy-2.5.5\bin;D:\gongju\gradle\gradle-4.3.1\bin;C:\Users\86156\AppData\Local\Microsoft\WindowsApps;C:\Users\86156\AppData\Roaming\npm;.]
2019-04-02 11:23:29.497  INFO 26232 --- [main] o.a.c.c.C.[.[localhost].[/config]        : Initializing Spring embedded WebApplicationContext
2019-04-02 11:23:29.497  INFO 26232 --- [main] o.s.web.context.ContextLoader            : Root WebApplicationContext: initialization completed in 1232 ms
2019-04-02 11:23:29.959  INFO 26232 --- [main] o.s.s.concurrent.ThreadPoolTaskExecutor  : Initializing ExecutorService 'applicationTaskExecutor'
2019-04-02 11:23:30.649  INFO 26232 --- [main] o.s.b.a.e.web.EndpointLinksResolver      : Exposing 2 endpoint(s) beneath base path '/actuator'
2019-04-02 11:23:30.761  INFO 26232 --- [main] o.s.b.w.embedded.tomcat.TomcatWebServer  : Tomcat started on port(s): 8888 (http) with context path '/config'
2019-04-02 11:23:30.764  INFO 26232 --- [main] com.carl.auth.SsoConfigApplication       : Started SsoConfigApplication in 4.289 seconds (JVM running for 4.88)
2019-04-02 11:25:05.768  INFO 26232 --- [http-nio-8888-exec-1] o.a.c.c.C.[.[localhost].[/config]        : Initializing Spring DispatcherServlet 'dispatcherServlet'
2019-04-02 11:25:05.768  INFO 26232 --- [http-nio-8888-exec-1] o.s.web.servlet.DispatcherServlet        : Initializing Servlet 'dispatcherServlet'
2019-04-02 11:25:05.785  INFO 26232 --- [http-nio-8888-exec-1] o.s.web.servlet.DispatcherServlet        : Completed initialization in 15 ms
2019-04-02 11:25:09.746  INFO 26232 --- [http-nio-8888-exec-2] o.s.c.c.s.e.NativeEnvironmentRepository  : Adding property source: classpath:/config/sso-dev.properties
2019-04-02 11:25:13.847  INFO 26232 --- [http-nio-8888-exec-3] o.s.c.c.s.e.NativeEnvironmentRepository  : Adding property source: classpath:/config/sso-dev.properties
2019-04-02 11:31:03.615  INFO 26232 --- [http-nio-8888-exec-7] o.s.c.c.s.e.NativeEnvironmentRepository  : Adding property source: classpath:/config/sso-dev.properties
